# JRE version: Java(TM) SE Runtime Environment (8.0_111-b14) (build 1.8.0_111-b14)
# Java VM: Java HotSpot(TM) Client VM (25.111-b14 mixed mode windows-x86 )
Heap:
 def new generation   total 60096K, used 12653K [0x04800000, 0x08930000, 0x09d50000)
  eden space 53440K,  13% used [0x04800000, 0x04ece928, 0x07c30000)
  from space 6656K,  85% used [0x082b0000, 0x0883ccc8, 0x08930000)
  to   space 6656K,   0% used [0x07c30000, 0x07c30000, 0x082b0000)
 tenured generation   total 133424K, used 80052K [0x09d50000, 0x11f9c000, 0x14800000)
   the space 133424K,  59% used [0x09d50000, 0x0eb7d278, 0x0eb7d400, 0x11f9c000)
 Metaspace       used 12910K, capacity 13312K, committed 13440K, reserved 13696K
GC Heap History (10 events):
Event: 3.486 GC heap before
{Heap before GC invocations=28 (full 10):
 def new generation   total 29632K, used 25804K [0x04800000, 0x06820000, 0x09d50000)
  eden space 26368K,  97% used [0x04800000, 0x0612a2f0, 0x061c0000)
  from space 3264K,   1% used [0x061c0000, 0x061c8e70, 0x064f0000)
  to   space 3264K,   0% used [0x064f0000, 0x064f0000, 0x06820000)
 tenured generation   total 65632K, used 54847K [0x09d50000, 0x0dd68000, 0x14800000)
   the space 65632K,  83% used [0x09d50000, 0x0d2dfc90, 0x0d2dfe00, 0x0dd68000)
 Metaspace       used 11572K, capacity 11924K, committed 12032K, reserved 12672K
Event: 3.510 GC heap after
Heap after GC invocations=29 (full 11):
 def new generation   total 42304K, used 0K [0x04800000, 0x075e0000, 0x09d50000)
  eden space 37632K,   0% used [0x04800000, 0x04800000, 0x06cc0000)
  from space 4672K,   0% used [0x06cc0000, 0x06cc0000, 0x07150000)
  to   space 4672K,   0% used [0x07150000, 0x07150000, 0x075e0000)
 tenured generation   total 93776K, used 56265K [0x09d50000, 0x0f8e4000, 0x14800000)
   the space 93776K,  59% used [0x09d50000, 0x0d442548, 0x0d442600, 0x0f8e4000)
 Metaspace       used 11572K, capacity 11924K, committed 12032K, reserved 12672K
}
Event: 3.719 GC heap before
{Heap before GC invocations=29 (full 11):
 def new generation   total 42304K, used 32266K [0x04800000, 0x075e0000, 0x09d50000)
  eden space 37632K,  85% used [0x04800000, 0x06782bc0, 0x06cc0000)
  from space 4672K,   0% used [0x06cc0000, 0x06cc0000, 0x07150000)
  to   space 4672K,   0% used [0x07150000, 0x07150000, 0x075e0000)
 tenured generation   total 93776K, used 56265K [0x09d50000, 0x0f8e4000, 0x14800000)
   the space 93776K,  59% used [0x09d50000, 0x0d442548, 0x0d442600, 0x0f8e4000)
 Metaspace       used 11572K, capacity 11924K, committed 12032K, reserved 12672K
Event: 3.723 GC heap after
Heap after GC invocations=30 (full 11):
 def new generation   total 42304K, used 4229K [0x04800000, 0x075e0000, 0x09d50000)
  eden space 37632K,   0% used [0x04800000, 0x04800000, 0x06cc0000)
  from space 4672K,  90% used [0x07150000, 0x07571778, 0x075e0000)
  to   space 4672K,   0% used [0x06cc0000, 0x06cc0000, 0x07150000)
 tenured generation   total 93776K, used 64390K [0x09d50000, 0x0f8e4000, 0x14800000)
   the space 93776K,  68% used [0x09d50000, 0x0dc31968, 0x0dc31a00, 0x0f8e4000)
 Metaspace       used 11572K, capacity 11924K, committed 12032K, reserved 12672K
}
Event: 3.878 GC heap before
{Heap before GC invocations=30 (full 11):
 def new generation   total 42304K, used 41016K [0x04800000, 0x075e0000, 0x09d50000)
  eden space 37632K,  97% used [0x04800000, 0x06becc50, 0x06cc0000)
  from space 4672K,  90% used [0x07150000, 0x07571778, 0x075e0000)
  to   space 4672K,   0% used [0x06cc0000, 0x06cc0000, 0x07150000)
 tenured generation   total 93776K, used 64390K [0x09d50000, 0x0f8e4000, 0x14800000)
   the space 93776K,  68% used [0x09d50000, 0x0dc31968, 0x0dc31a00, 0x0f8e4000)
 Metaspace       used 11572K, capacity 11924K, committed 12032K, reserved 12672K
Event: 3.884 GC heap after
Heap after GC invocations=31 (full 11):
 def new generation   total 42304K, used 6K [0x04800000, 0x075e0000, 0x09d50000)
  eden space 37632K,   0% used [0x04800000, 0x04800000, 0x06cc0000)
  from space 4672K,   0% used [0x06cc0000, 0x06cc1a98, 0x07150000)
  to   space 4672K,   0% used [0x07150000, 0x07150000, 0x075e0000)
 tenured generation   total 93776K, used 75648K [0x09d50000, 0x0f8e4000, 0x14800000)
   the space 93776K,  80% used [0x09d50000, 0x0e7301f0, 0x0e730200, 0x0f8e4000)
 Metaspace       used 11572K, capacity 11924K, committed 12032K, reserved 12672K
}
Event: 4.054 GC heap before
{Heap before GC invocations=31 (full 11):
 def new generation   total 42304K, used 37562K [0x04800000, 0x075e0000, 0x09d50000)
  eden space 37632K,  99% used [0x04800000, 0x06cace88, 0x06cc0000)
  from space 4672K,   0% used [0x06cc0000, 0x06cc1a98, 0x07150000)
  to   space 4672K,   0% used [0x07150000, 0x07150000, 0x075e0000)
 tenured generation   total 93776K, used 75648K [0x09d50000, 0x0f8e4000, 0x14800000)
   the space 93776K,  80% used [0x09d50000, 0x0e7301f0, 0x0e730200, 0x0f8e4000)
 Metaspace       used 11573K, capacity 11924K, committed 12032K, reserved 12672K
Event: 4.061 GC heap after
Heap after GC invocations=32 (full 11):
 def new generation   total 42304K, used 22K [0x04800000, 0x075e0000, 0x09d50000)
  eden space 37632K,   0% used [0x04800000, 0x04800000, 0x06cc0000)
  from space 4672K,   0% used [0x07150000, 0x07155968, 0x075e0000)
  to   space 4672K,   0% used [0x06cc0000, 0x06cc0000, 0x07150000)
 tenured generation   total 93776K, used 86898K [0x09d50000, 0x0f8e4000, 0x14800000)
   the space 93776K,  92% used [0x09d50000, 0x0f22ca10, 0x0f22cc00, 0x0f8e4000)
 Metaspace       used 11573K, capacity 11924K, committed 12032K, reserved 12672K
}
Event: 7.187 GC heap before
{Heap before GC invocations=32 (full 11):
 def new generation   total 42304K, used 36346K [0x04800000, 0x075e0000, 0x09d50000)
  eden space 37632K,  96% used [0x04800000, 0x06b79210, 0x06cc0000)
  from space 4672K,   0% used [0x07150000, 0x07155968, 0x075e0000)
  to   space 4672K,   0% used [0x06cc0000, 0x06cc0000, 0x07150000)
 tenured generation   total 93776K, used 86898K [0x09d50000, 0x0f8e4000, 0x14800000)
   the space 93776K,  92% used [0x09d50000, 0x0f22ca10, 0x0f22cc00, 0x0f8e4000)
 Metaspace       used 12891K, capacity 13310K, committed 13440K, reserved 13696K
Event: 7.234 GC heap after
Heap after GC invocations=33 (full 12):
 def new generation   total 60096K, used 0K [0x04800000, 0x08930000, 0x09d50000)
  eden space 53440K,   0% used [0x04800000, 0x04800000, 0x07c30000)
  from space 6656K,   0% used [0x07c30000, 0x07c30000, 0x082b0000)
  to   space 6656K,   0% used [0x082b0000, 0x082b0000, 0x08930000)
 tenured generation   total 133424K, used 80052K [0x09d50000, 0x11f9c000, 0x14800000)
   the space 133424K,  59% used [0x09d50000, 0x0eb7d278, 0x0eb7d400, 0x11f9c000)
 Metaspace       used 12891K, capacity 13310K, committed 13440K, reserved 13696K
}

